<?xml version="1.0" encoding="UTF-8"?>
<testsuite xmlns:xsi="http://www.w3.org/2001/XMLSchema-instance" xsi:noNamespaceSchemaLocation="https://maven.apache.org/surefire/maven-surefire-plugin/xsd/surefire-test-report.xsd" name="cucumber.Automation.AppTest" time="0.087" tests="1" errors="0" skipped="0" failures="0">
  <properties>
    <property name="java.specification.version" value="17"/>
    <property name="sun.cpu.isalist" value="amd64"/>
    <property name="sun.jnu.encoding" value="Cp1252"/>
    <property name="java.class.path" value="D:\eclipse-workspace\Automation\target\test-classes;D:\eclipse-workspace\Automation\target\classes;C:\Users\Mukul Jain\.m2\repository\io\cucumber\cucumber-java\7.11.1\cucumber-java-7.11.1.jar;C:\Users\Mukul Jain\.m2\repository\io\cucumber\cucumber-core\7.11.1\cucumber-core-7.11.1.jar;C:\Users\Mukul Jain\.m2\repository\io\cucumber\cucumber-gherkin\7.11.1\cucumber-gherkin-7.11.1.jar;C:\Users\Mukul Jain\.m2\repository\io\cucumber\cucumber-gherkin-messages\7.11.1\cucumber-gherkin-messages-7.11.1.jar;C:\Users\Mukul Jain\.m2\repository\io\cucumber\gherkin\26.0.3\gherkin-26.0.3.jar;C:\Users\Mukul Jain\.m2\repository\io\cucumber\messages\21.0.1\messages-21.0.1.jar;C:\Users\Mukul Jain\.m2\repository\io\cucumber\tag-expressions\5.0.1\tag-expressions-5.0.1.jar;C:\Users\Mukul Jain\.m2\repository\io\cucumber\cucumber-expressions\16.1.2\cucumber-expressions-16.1.2.jar;C:\Users\Mukul Jain\.m2\repository\io\cucumber\datatable\7.11.1\datatable-7.11.1.jar;C:\Users\Mukul Jain\.m2\repository\io\cucumber\cucumber-plugin\7.11.1\cucumber-plugin-7.11.1.jar;C:\Users\Mukul Jain\.m2\repository\io\cucumber\docstring\7.11.1\docstring-7.11.1.jar;C:\Users\Mukul Jain\.m2\repository\io\cucumber\html-formatter\20.2.1\html-formatter-20.2.1.jar;C:\Users\Mukul Jain\.m2\repository\io\cucumber\junit-xml-formatter\0.1.0\junit-xml-formatter-0.1.0.jar;C:\Users\Mukul Jain\.m2\repository\io\cucumber\ci-environment\9.1.0\ci-environment-9.1.0.jar;C:\Users\Mukul Jain\.m2\repository\org\apiguardian\apiguardian-api\1.1.2\apiguardian-api-1.1.2.jar;C:\Users\Mukul Jain\.m2\repository\io\cucumber\cucumber-junit\7.11.1\cucumber-junit-7.11.1.jar;C:\Users\Mukul Jain\.m2\repository\junit\junit\4.11\junit-4.11.jar;C:\Users\Mukul Jain\.m2\repository\org\hamcrest\hamcrest-core\1.3\hamcrest-core-1.3.jar;"/>
    <property name="java.vm.vendor" value="Oracle Corporation"/>
    <property name="sun.arch.data.model" value="64"/>
    <property name="user.variant" value=""/>
    <property name="java.vendor.url" value="https://java.oracle.com/"/>
    <property name="user.timezone" value="Asia/Calcutta"/>
    <property name="os.name" value="Windows 8.1"/>
    <property name="java.vm.specification.version" value="17"/>
    <property name="sun.java.launcher" value="SUN_STANDARD"/>
    <property name="user.country" value="US"/>
    <property name="sun.boot.library.path" value="D:\ProgramFiles\Java\jdk17\bin"/>
    <property name="sun.java.command" value="C:\Users\MUKULJ~1\AppData\Local\Temp\surefire6719338377804968181\surefirebooter13776471293445569894.jar C:\Users\Mukul Jain\AppData\Local\Temp\surefire6719338377804968181 2023-03-06T13-04-10_890-jvmRun1 surefire9483873632596378209tmp surefire_06753228703537296761tmp"/>
    <property name="jdk.debug" value="release"/>
    <property name="surefire.test.class.path" value="D:\eclipse-workspace\Automation\target\test-classes;D:\eclipse-workspace\Automation\target\classes;C:\Users\Mukul Jain\.m2\repository\io\cucumber\cucumber-java\7.11.1\cucumber-java-7.11.1.jar;C:\Users\Mukul Jain\.m2\repository\io\cucumber\cucumber-core\7.11.1\cucumber-core-7.11.1.jar;C:\Users\Mukul Jain\.m2\repository\io\cucumber\cucumber-gherkin\7.11.1\cucumber-gherkin-7.11.1.jar;C:\Users\Mukul Jain\.m2\repository\io\cucumber\cucumber-gherkin-messages\7.11.1\cucumber-gherkin-messages-7.11.1.jar;C:\Users\Mukul Jain\.m2\repository\io\cucumber\gherkin\26.0.3\gherkin-26.0.3.jar;C:\Users\Mukul Jain\.m2\repository\io\cucumber\messages\21.0.1\messages-21.0.1.jar;C:\Users\Mukul Jain\.m2\repository\io\cucumber\tag-expressions\5.0.1\tag-expressions-5.0.1.jar;C:\Users\Mukul Jain\.m2\repository\io\cucumber\cucumber-expressions\16.1.2\cucumber-expressions-16.1.2.jar;C:\Users\Mukul Jain\.m2\repository\io\cucumber\datatable\7.11.1\datatable-7.11.1.jar;C:\Users\Mukul Jain\.m2\repository\io\cucumber\cucumber-plugin\7.11.1\cucumber-plugin-7.11.1.jar;C:\Users\Mukul Jain\.m2\repository\io\cucumber\docstring\7.11.1\docstring-7.11.1.jar;C:\Users\Mukul Jain\.m2\repository\io\cucumber\html-formatter\20.2.1\html-formatter-20.2.1.jar;C:\Users\Mukul Jain\.m2\repository\io\cucumber\junit-xml-formatter\0.1.0\junit-xml-formatter-0.1.0.jar;C:\Users\Mukul Jain\.m2\repository\io\cucumber\ci-environment\9.1.0\ci-environment-9.1.0.jar;C:\Users\Mukul Jain\.m2\repository\org\apiguardian\apiguardian-api\1.1.2\apiguardian-api-1.1.2.jar;C:\Users\Mukul Jain\.m2\repository\io\cucumber\cucumber-junit\7.11.1\cucumber-junit-7.11.1.jar;C:\Users\Mukul Jain\.m2\repository\junit\junit\4.11\junit-4.11.jar;C:\Users\Mukul Jain\.m2\repository\org\hamcrest\hamcrest-core\1.3\hamcrest-core-1.3.jar;"/>
    <property name="sun.cpu.endian" value="little"/>
    <property name="user.home" value="C:\Users\Mukul Jain"/>
    <property name="user.language" value="en"/>
    <property name="java.specification.vendor" value="Oracle Corporation"/>
    <property name="java.version.date" value="2023-01-17"/>
    <property name="java.home" value="D:\ProgramFiles\Java\jdk17"/>
    <property name="file.separator" value="\"/>
    <property name="style.color" value="always"/>
    <property name="basedir" value="D:\eclipse-workspace\Automation"/>
    <property name="java.vm.compressedOopsMode" value="32-bit"/>
    <property name="line.separator" value="&#10;"/>
    <property name="java.vm.specification.vendor" value="Oracle Corporation"/>
    <property name="java.specification.name" value="Java Platform API Specification"/>
    <property name="surefire.real.class.path" value="C:\Users\MUKULJ~1\AppData\Local\Temp\surefire6719338377804968181\surefirebooter13776471293445569894.jar"/>
    <property name="user.script" value=""/>
    <property name="sun.management.compiler" value="HotSpot 64-Bit Tiered Compilers"/>
    <property name="java.runtime.version" value="17.0.6+9-LTS-190"/>
    <property name="user.name" value="Mukul Jain"/>
    <property name="path.separator" value=";"/>
    <property name="os.version" value="6.3"/>
    <property name="java.runtime.name" value="Java(TM) SE Runtime Environment"/>
    <property name="file.encoding" value="Cp1252"/>
    <property name="java.vm.name" value="Java HotSpot(TM) 64-Bit Server VM"/>
    <property name="localRepository" value="C:\Users\Mukul Jain\.m2\repository"/>
    <property name="java.vendor.url.bug" value="https://bugreport.java.com/bugreport/"/>
    <property name="java.io.tmpdir" value="C:\Users\MUKULJ~1\AppData\Local\Temp\"/>
    <property name="java.version" value="17.0.6"/>
    <property name="user.dir" value="D:\eclipse-workspace\Automation"/>
    <property name="os.arch" value="amd64"/>
    <property name="java.vm.specification.name" value="Java Virtual Machine Specification"/>
    <property name="sun.os.patch.level" value=""/>
    <property name="native.encoding" value="Cp1252"/>
    <property name="java.library.path" value="D:\ProgramFiles\Java\jdk17\bin;C:\Windows\Sun\Java\bin;C:\Windows\system32;C:\Windows;D:/ProgramFiles/Java/jdk17/bin/server;D:/ProgramFiles/Java/jdk17/bin;C:/Users/MUKULJ~1/AppData/Local/Temp/eoiF458.tmp//plugins/org.eclipse.justj.openjdk.hotspot.jre.minimal.stripped.win32.x86_64_17.0.4.v20221004-1257/jre/bin/server;C:/Users/MUKULJ~1/AppData/Local/Temp/eoiF458.tmp//plugins/org.eclipse.justj.openjdk.hotspot.jre.minimal.stripped.win32.x86_64_17.0.4.v20221004-1257/jre/bin;C:\Program Files\Google\Chrome\Application;C:\Python311\Scripts\;C:\Python311\;C:\Program Files\Common Files\Oracle\Java\javapath;C:\Windows\system32;C:\Windows;C:\Windows\System32\Wbem;C:\Windows\System32\WindowsPowerShell\v1.0\;D:\ProgramFiles\NodeJS\;C:\Program Files\dotnet\;C:\ProgramData\chocolatey\bin;D:\Microsoft VS Code\bin;C:\Users\Mukul Jain\AppData\Roaming\npm;C:\Users\Mukul Jain\Downloads;;C:\Users\Mukul Jain\Downloads;;."/>
    <property name="java.vm.info" value="mixed mode, sharing"/>
    <property name="java.vendor" value="Oracle Corporation"/>
    <property name="java.vm.version" value="17.0.6+9-LTS-190"/>
    <property name="sun.io.unicode.encoding" value="UnicodeLittle"/>
    <property name="java.class.version" value="61.0"/>
  </properties>
  <testcase name="shouldAnswerWithTrue" classname="cucumber.Automation.AppTest" time="0.004"/>
</testsuite>